android/app/build/intermediates/manifest_merge_blame_file/release/manifest-merger-blame-release-report.txt
1<?xml version="1.0" encoding="utf-8"?>
2<manifest xmlns:android="http://schemas.android.com/apk/res/android"
3    package="com.kolabs"
4    android:versionCode="1"
5    android:versionName="1.0" >
6
7    <uses-sdk
8        android:minSdkVersion="21"
8-->src/main/AndroidManifest.xml
9        android:targetSdkVersion="34" />
9-->src/main/AndroidManifest.xml
10
11    <uses-permission android:name="android.permission.INTERNET" />
11-->src/main/AndroidManifest.xml:9:7-69
11-->src/main/AndroidManifest.xml:9:24-66
12    <uses-permission android:name="android.permission.CAMERA" />
12-->src/main/AndroidManifest.xml:10:5-65
12-->src/main/AndroidManifest.xml:10:22-62
13    <uses-permission android:name="android.permission.READ_EXTERNAL_STORAGE" />
13-->src/main/AndroidManifest.xml:11:5-80
13-->src/main/AndroidManifest.xml:11:22-77
14    <uses-permission android:name="android.permission.WRITE_EXTERNAL_STORAGE" />
14-->src/main/AndroidManifest.xml:12:3-79
14-->src/main/AndroidManifest.xml:12:20-76
15    <uses-permission android:name="android.permission.DOWNLOAD_WITHOUT_NOTIFICATION" />
15-->src/main/AndroidManifest.xml:13:3-86
15-->src/main/AndroidManifest.xml:13:20-83
16    <!--
17         Required to keep CPU alive while downloading files
18        (NOT to keep screen awake)
19    -->
20    <uses-permission android:name="android.permission.WAKE_LOCK" />
20-->[:react-native-blob-util] AndroidManifest.xml:16:5-68
20-->[:react-native-blob-util] AndroidManifest.xml:16:22-65
21    <!--
22         Required to poll the state of the network connection
23        and respond to changes
24    -->
25    <uses-permission android:name="android.permission.ACCESS_NETWORK_STATE" /> <!-- Required to check whether Wi-Fi is enabled -->
25-->[:react-native-blob-util] AndroidManifest.xml:22:5-79
25-->[:react-native-blob-util] AndroidManifest.xml:22:22-76
26    <uses-permission android:name="android.permission.ACCESS_WIFI_STATE" />
26-->[:react-native-blob-util] AndroidManifest.xml:25:5-76
26-->[:react-native-blob-util] AndroidManifest.xml:25:22-73
27    <uses-permission android:name="android.permission.ACCESS_COARSE_LOCATION" />
27-->[:react-native-get-location] AndroidManifest.xml:9:5-81
27-->[:react-native-get-location] AndroidManifest.xml:9:22-78
28    <uses-permission android:name="android.permission.SYSTEM_ALERT_WINDOW" /> <!-- Required to access Google Play Licensing -->
28-->[:react-native-sweet-alert] AndroidManifest.xml:10:5-78
28-->[:react-native-sweet-alert] AndroidManifest.xml:10:22-75
29    <uses-permission android:name="com.android.vending.CHECK_LICENSE" />
29-->[:rn-fetch-blob] AndroidManifest.xml:10:5-73
29-->[:rn-fetch-blob] AndroidManifest.xml:10:22-70
30
31    <permission
31-->[androidx.core:core:1.12.0] AndroidManifest.xml:22:5-24:47
32        android:name="com.kolabs.DYNAMIC_RECEIVER_NOT_EXPORTED_PERMISSION"
32-->[androidx.core:core:1.12.0] AndroidManifest.xml:23:9-81
33        android:protectionLevel="signature" />
33-->[androidx.core:core:1.12.0] AndroidManifest.xml:24:9-44
34
35    <uses-permission android:name="com.kolabs.DYNAMIC_RECEIVER_NOT_EXPORTED_PERMISSION" />
35-->[androidx.core:core:1.12.0] AndroidManifest.xml:26:5-97
35-->[androidx.core:core:1.12.0] AndroidManifest.xml:26:22-94
36
37    <application
37-->src/main/AndroidManifest.xml:16:5-39:19
38        android:name="com.kolabs.MainApplication"
38-->src/main/AndroidManifest.xml:19:7-38
39        android:allowBackup="false"
39-->src/main/AndroidManifest.xml:23:7-34
40        android:appComponentFactory="androidx.core.app.CoreComponentFactory"
40-->[androidx.core:core:1.12.0] AndroidManifest.xml:28:18-86
41        android:exported="true"
41-->src/main/AndroidManifest.xml:18:7-30
42        android:icon="@mipmap/ic_launcher"
42-->src/main/AndroidManifest.xml:21:7-41
43        android:label="@string/app_name"
43-->src/main/AndroidManifest.xml:20:7-39
44        android:roundIcon="@mipmap/ic_launcher_round"
44-->src/main/AndroidManifest.xml:22:7-52
45        android:theme="@style/AppTheme"
45-->src/main/AndroidManifest.xml:25:7-38
46        android:usesCleartextTraffic="true" >
46-->src/main/AndroidManifest.xml:17:5-40
47        <activity
47-->src/main/AndroidManifest.xml:26:7-38:18
48            android:name="com.kolabs.MainActivity"
48-->src/main/AndroidManifest.xml:28:9-37
49            android:configChanges="keyboard|keyboardHidden|orientation|screenSize|uiMode"
49-->src/main/AndroidManifest.xml:30:9-86
50            android:exported="true"
50-->src/main/AndroidManifest.xml:27:9-32
51            android:label="@string/app_name"
51-->src/main/AndroidManifest.xml:29:9-41
52            android:launchMode="singleTask"
52-->src/main/AndroidManifest.xml:31:9-40
53            android:windowSoftInputMode="adjustResize" >
53-->src/main/AndroidManifest.xml:32:9-51
54            <intent-filter>
54-->src/main/AndroidManifest.xml:33:9-37:25
55                <action android:name="android.intent.action.MAIN" />
55-->src/main/AndroidManifest.xml:34:13-65
55-->src/main/AndroidManifest.xml:34:21-62
56
57                <category android:name="android.intent.category.LAUNCHER" />
57-->src/main/AndroidManifest.xml:35:13-73
57-->src/main/AndroidManifest.xml:35:23-70
58
59                <action android:name="android.intent.action.DOWNLOAD_COMPLETE" />
59-->src/main/AndroidManifest.xml:36:14-78
59-->src/main/AndroidManifest.xml:36:22-76
60            </intent-filter>
61        </activity>
62
63        <provider
63-->[:react-native-blob-util] AndroidManifest.xml:37:9-45:20
64            android:name="com.ReactNativeBlobUtil.Utils.FileProvider"
64-->[:react-native-blob-util] AndroidManifest.xml:38:13-70
65            android:authorities="com.kolabs.provider"
65-->[:react-native-blob-util] AndroidManifest.xml:39:13-60
66            android:exported="false"
66-->[:react-native-blob-util] AndroidManifest.xml:40:13-37
67            android:grantUriPermissions="true" >
67-->[:react-native-blob-util] AndroidManifest.xml:41:13-47
68            <meta-data
68-->[:react-native-blob-util] AndroidManifest.xml:42:13-44:58
69                android:name="android.support.FILE_PROVIDER_PATHS"
69-->[:react-native-blob-util] AndroidManifest.xml:43:17-67
70                android:resource="@xml/provider_paths" />
70-->[:react-native-blob-util] AndroidManifest.xml:44:17-55
71        </provider>
72        <provider
72-->[:react-native-image-picker] AndroidManifest.xml:10:9-18:20
73            android:name="com.imagepicker.ImagePickerProvider"
73-->[:react-native-image-picker] AndroidManifest.xml:11:13-63
74            android:authorities="com.kolabs.imagepickerprovider"
74-->[:react-native-image-picker] AndroidManifest.xml:12:13-71
75            android:exported="false"
75-->[:react-native-image-picker] AndroidManifest.xml:13:13-37
76            android:grantUriPermissions="true" >
76-->[:react-native-image-picker] AndroidManifest.xml:14:13-47
77            <meta-data
77-->[:react-native-blob-util] AndroidManifest.xml:42:13-44:58
78                android:name="android.support.FILE_PROVIDER_PATHS"
78-->[:react-native-blob-util] AndroidManifest.xml:43:17-67
79                android:resource="@xml/imagepicker_provider_paths" />
79-->[:react-native-blob-util] AndroidManifest.xml:44:17-55
80        </provider>
81        <provider
81-->[:react-native-share] AndroidManifest.xml:10:9-18:20
82            android:name="cl.json.RNShareFileProvider"
82-->[:react-native-share] AndroidManifest.xml:11:13-55
83            android:authorities="com.kolabs.rnshare.fileprovider"
83-->[:react-native-share] AndroidManifest.xml:12:13-72
84            android:exported="false"
84-->[:react-native-share] AndroidManifest.xml:13:13-37
85            android:grantUriPermissions="true" >
85-->[:react-native-share] AndroidManifest.xml:14:13-47
86            <meta-data
86-->[:react-native-blob-util] AndroidManifest.xml:42:13-44:58
87                android:name="android.support.FILE_PROVIDER_PATHS"
87-->[:react-native-blob-util] AndroidManifest.xml:43:17-67
88                android:resource="@xml/share_download_paths" />
88-->[:react-native-blob-util] AndroidManifest.xml:44:17-55
89        </provider>
90        <provider
90-->[:react-native-webview] AndroidManifest.xml:10:9-18:20
91            android:name="com.reactnativecommunity.webview.RNCWebViewFileProvider"
91-->[:react-native-webview] AndroidManifest.xml:11:13-83
92            android:authorities="com.kolabs.fileprovider"
92-->[:react-native-webview] AndroidManifest.xml:12:13-64
93            android:exported="false"
93-->[:react-native-webview] AndroidManifest.xml:13:13-37
94            android:grantUriPermissions="true" >
94-->[:react-native-webview] AndroidManifest.xml:14:13-47
95            <meta-data
95-->[:react-native-blob-util] AndroidManifest.xml:42:13-44:58
96                android:name="android.support.FILE_PROVIDER_PATHS"
96-->[:react-native-blob-util] AndroidManifest.xml:43:17-67
97                android:resource="@xml/file_provider_paths" />
97-->[:react-native-blob-util] AndroidManifest.xml:44:17-55
98        </provider>
99        <provider
99-->[:rn-fetch-blob] AndroidManifest.xml:34:9-42:20
100            android:name="com.RNFetchBlob.Utils.FileProvider"
100-->[:rn-fetch-blob] AndroidManifest.xml:35:13-62
101            android:authorities="com.kolabs.provider"
101-->[:rn-fetch-blob] AndroidManifest.xml:36:13-60
102            android:exported="false"
102-->[:rn-fetch-blob] AndroidManifest.xml:37:13-37
103            android:grantUriPermissions="true" >
103-->[:rn-fetch-blob] AndroidManifest.xml:38:13-47
104            <meta-data
104-->[:react-native-blob-util] AndroidManifest.xml:42:13-44:58
105                android:name="android.support.FILE_PROVIDER_PATHS"
105-->[:react-native-blob-util] AndroidManifest.xml:43:17-67
106                android:resource="@xml/provider_paths" />
106-->[:react-native-blob-util] AndroidManifest.xml:44:17-55
107        </provider>
108    </application>
109
110</manifest>